<?xml version="1.0" encoding="UTF-8"?>
<!-- Generated by org.testng.reporters.JUnitReportReporter -->
<testsuite skipped="0" hostname="DESKTOP-LV83N80" name="test.LoginPageTest" tests="2" failures="0" timestamp="2022-01-15T21:03:09 CST" time="19.657" errors="0">
  <testcase name="loginTest" time="10.780" classname="test.LoginPageTest"/>
  <system-out/>
  <testcase name="pageTitleTest" time="8.877" classname="test.LoginPageTest"/>
  <system-out/>
</testsuite> <!-- test.LoginPageTest -->
